============================= test session starts =============================
platform win32 -- Python 3.14.3, pytest-9.0.2, pluggy-1.6.0
rootdir: D:\myCode\workflow
configfile: pyproject.toml
plugins: anyio-4.12.1
collected 710 items

tests\test_ai_gateway_config_ref_matrix.py ...                           [  0%]
tests\test_ai_gateway_stage_build_request.py .......                     [  1%]
tests\test_ai_gateway_stage_execute_dispatch.py ...........              [  2%]
tests\test_ai_gateway_stage_fallback_strategy.py ...........             [  4%]
tests\test_ai_gateway_stage_parse_config.py ......                       [  5%]
tests\test_ai_main_execute.py ...                                        [  5%]
tests\test_ai_main_resolution.py ...                                     [  6%]
tests\test_ai_result_parse.py ....                                       [  6%]
tests\test_auto_workflow_task_spec.py ...........                        [  8%]
tests\test_chat_intent.py ...........                                    [  9%]
tests\test_clarification_flow_chat.py ......                             [ 10%]
tests\test_clarification_flow_go_auto.py ......                          [ 11%]
tests\test_clarification_flow_webui.py .......                           [ 12%]
tests\test_clarification_flow_webui_session.py ...........               [ 14%]
tests\test_clarification_protocol.py .....                               [ 14%]
tests\test_cli_progress.py ........                                      [ 15%]
tests\test_config_planner_resolution.py ..........                       [ 17%]
tests\test_console_encoding.py ..                                        [ 17%]
tests\test_daemon_service.py ......                                      [ 18%]
tests\test_db_config.py ...                                              [ 18%]
tests\test_db_migrations.py ..........                                   [ 20%]
tests\test_doctor.py ............                                        [ 21%]
tests\test_executor_feedback_loop.py ......................              [ 25%]
tests\test_full_pipeline.py .....                                        [ 25%]
tests\test_global_config_overlay.py .....                                [ 26%]
tests\test_inspect_code_metrics.py ...                                   [ 26%]
tests\test_inspect_dependency_health.py .....                            [ 27%]
tests\test_inspect_flow_split.py ..........                              [ 29%]
tests\test_inspect_lifecycle.py ....                                     [ 29%]
tests\test_inspect_service.py ....                                       [ 30%]
tests\test_inspect_signals_boundary_split.py .                           [ 30%]
tests\test_inspect_signals_output_paths.py ...                           [ 30%]
tests\test_inspect_todos.py ...                                          [ 31%]
tests\test_intent_heuristic.py ......................................... [ 36%]
..                                                                       [ 37%]
tests\test_interaction_controller.py ....                                [ 37%]
tests\test_interaction_layer.py ..................                       [ 40%]
tests\test_logger.py .......                                             [ 41%]
tests\test_output_escape.py ...                                          [ 41%]
tests\test_output_formatting.py ....                                     [ 42%]
tests\test_planner_enhancements.py ..................................... [ 47%]
..............                                                           [ 49%]
tests\test_project_resolution_policy.py ......                           [ 50%]
tests\test_prompts_loader.py .......                                     [ 51%]
tests\test_question_context.py ...                                       [ 51%]
tests\test_reviewer_output_parse.py .............                        [ 53%]
tests\test_run_orchestrator.py ......                                    [ 54%]
tests\test_secrets_overlay.py .....                                      [ 55%]
tests\test_self_iteration.py ...                                         [ 55%]
tests\test_status_layout.py ..                                           [ 55%]
tests\test_subprocess_encoding_fallbacks.py ...                          [ 56%]
tests\test_task_quality_shared.py ...............                        [ 58%]
tests\test_web_assets.py ....................                            [ 61%]
tests\test_webhook_api.py .......                                        [ 62%]
tests\test_webui_api.py ..................................               [ 66%]
tests\test_webui_payloads_legacy_live_output.py ....                     [ 67%]
tests\test_webui_reviewer_verdict.py ......                              [ 68%]
tests\test_webui_schema.py .......                                       [ 69%]
tests\test_webui_service.py .....                                        [ 70%]
tests\test_workflow_agent_resolution.py ........                         [ 71%]
tests\test_workflow_ai_manifest.py ...........                           [ 72%]
tests\test_workflow_backlog_triage.py ....................               [ 75%]
tests\test_workflow_binary_release.py .........................          [ 79%]
tests\test_workflow_builtin_runtime.py ...............                   [ 81%]
tests\test_workflow_clarification_project_context.py ..................  [ 83%]
tests\test_workflow_cli_and_chat.py ........................             [ 87%]
tests\test_workflow_db_webui.py ...................                      [ 89%]
tests\test_workflow_git_worktree.py ............................         [ 93%]
tests\test_workflow_requirement_execution.py .............               [ 95%]
tests\test_workflow_runtime_control_status.py .......................... [ 99%]
                                                                         [ 99%]
tests\test_workflow_task_dedup.py ......                                 [100%]

======================= 710 passed in 327.68s (0:05:27) =======================
